  Checking Build System
  CMake does not need to re-run because D:/opengles3-book/bin/CMakeFiles/generate.stamp is up-to-date.
  CMake does not need to re-run because D:/opengles3-book/bin/Common/CMakeFiles/generate.stamp is up-to-date.
  CMake does not need to re-run because D:/opengles3-book/bin/Chapter_2/Hello_Triangle/CMakeFiles/generate.stamp is up-to-date.
  CMake does not need to re-run because D:/opengles3-book/bin/Chapter_6/Example_6_3/CMakeFiles/generate.stamp is up-to-date.
  CMake does not need to re-run because D:/opengles3-book/bin/Chapter_6/Example_6_6/CMakeFiles/generate.stamp is up-to-date.
  CMake does not need to re-run because D:/opengles3-book/bin/Chapter_6/MapBuffers/CMakeFiles/generate.stamp is up-to-date.
  CMake does not need to re-run because D:/opengles3-book/bin/Chapter_6/VertexArrayObjects/CMakeFiles/generate.stamp is up-to-date.
  CMake does not need to re-run because D:/opengles3-book/bin/Chapter_6/VertexBufferObjects/CMakeFiles/generate.stamp is up-to-date.
  CMake does not need to re-run because D:/opengles3-book/bin/Chapter_7/Instancing/CMakeFiles/generate.stamp is up-to-date.
  CMake does not need to re-run because D:/opengles3-book/bin/Chapter_8/Simple_VertexShader/CMakeFiles/generate.stamp is up-to-date.
  CMake does not need to re-run because D:/opengles3-book/bin/Chapter_9/Simple_Texture2D/CMakeFiles/generate.stamp is up-to-date.
  CMake does not need to re-run because D:/opengles3-book/bin/Chapter_9/Simple_TextureCubemap/CMakeFiles/generate.stamp is up-to-date.
  CMake does not need to re-run because D:/opengles3-book/bin/Chapter_9/MipMap2D/CMakeFiles/generate.stamp is up-to-date.
  CMake does not need to re-run because D:/opengles3-book/bin/Chapter_9/TextureWrap/CMakeFiles/generate.stamp is up-to-date.
  CMake does not need to re-run because D:/opengles3-book/bin/Chapter_10/MultiTexture/CMakeFiles/generate.stamp is up-to-date.
  CMake does not need to re-run because D:/opengles3-book/bin/Chapter_11/MRTs/CMakeFiles/generate.stamp is up-to-date.
  CMake does not need to re-run because D:/opengles3-book/bin/Chapter_14/Noise3D/CMakeFiles/generate.stamp is up-to-date.
  CMake does not need to re-run because D:/opengles3-book/bin/Chapter_14/ParticleSystem/CMakeFiles/generate.stamp is up-to-date.
  CMake does not need to re-run because D:/opengles3-book/bin/Chapter_14/ParticleSystemTransformFeedback/CMakeFiles/generate.stamp is up-to-date.
  CMake does not need to re-run because D:/opengles3-book/bin/Chapter_14/Shadows/CMakeFiles/generate.stamp is up-to-date.
  CMake does not need to re-run because D:/opengles3-book/bin/Chapter_14/TerrainRendering/CMakeFiles/generate.stamp is up-to-date.
